Using pre-set license
Built from '2020.3/staging' branch; Version is '2020.3.10f1 (297d780c91bc) revision 2719096'; Using compiler version '192528614'; Build Type 'Release'
OS: 'Windows 10 Pro; OS build 19042.1110; Version 2009; 64bit' Language: 'es' Physical Memory: 16314 MB
BatchMode: 1, IsHumanControllingUs: 0, StartBugReporterOnCrash: 0, Is64bit: 1, IsPro: 0

 COMMAND LINE ARGUMENTS:
C:\Program Files\Unity\Hub\Editor\2020.3.10f1\Editor\Unity.exe
-adb2
-batchMode
-noUpm
-name
AssetImportWorker0
-projectPath
C:/Users/victo/Desktop/Proyecto_Beat_em_up/Streets_on_Fire
-logFile
Logs/AssetImportWorker0.log
-srvPort
61619
Successfully changed project path to: C:/Users/victo/Desktop/Proyecto_Beat_em_up/Streets_on_Fire
C:/Users/victo/Desktop/Proyecto_Beat_em_up/Streets_on_Fire
Using Asset Import Pipeline V2.
Refreshing native plugins compatible for Editor in 92.87 ms, found 2 plugins.
Preloading 0 native plugins for Editor in 0.00 ms.
Initialize engine version: 2020.3.10f1 (297d780c91bc)
[Subsystems] Discovering subsystems at path C:/Program Files/Unity/Hub/Editor/2020.3.10f1/Editor/Data/Resources/UnitySubsystems
[Subsystems] Discovering subsystems at path C:/Users/victo/Desktop/Proyecto_Beat_em_up/Streets_on_Fire/Assets
GfxDevice: creating device client; threaded=0
Direct3D:
    Version:  Direct3D 11.0 [level 11.1]
    Renderer: Intel(R) HD Graphics Family (ID=0xa16)
    Vendor:   
    VRAM:     2048 MB
    Driver:   20.19.15.5166
Initialize mono
Mono path[0] = 'C:/Program Files/Unity/Hub/Editor/2020.3.10f1/Editor/Data/Managed'
Mono path[1] = 'C:/Program Files/Unity/Hub/Editor/2020.3.10f1/Editor/Data/MonoBleedingEdge/lib/mono/unityjit'
Mono config path = 'C:/Program Files/Unity/Hub/Editor/2020.3.10f1/Editor/Data/MonoBleedingEdge/etc'
Using monoOptions --debugger-agent=transport=dt_socket,embedding=1,server=y,suspend=n,address=127.0.0.1:56380
Begin MonoManager ReloadAssembly
Registering precompiled unity dll's ...
Register platform support module: C:/Program Files/Unity/Hub/Editor/2020.3.10f1/Editor/Data/PlaybackEngines/WebGLSupport/UnityEditor.WebGL.Extensions.dll
Register platform support module: C:/Program Files/Unity/Hub/Editor/2020.3.10f1/Editor/Data/PlaybackEngines/WindowsStandaloneSupport/UnityEditor.WindowsStandalone.Extensions.dll
Registered in 0.005168 seconds.
Native extension for WindowsStandalone target not found
Native extension for WebGL target not found
Refreshing native plugins compatible for Editor in 81.65 ms, found 2 plugins.
Preloading 0 native plugins for Editor in 0.00 ms.
Mono: successfully reloaded assembly
- Completed reload, in  3.272 seconds
Platform modules already initialized, skipping
Registering precompiled user dll's ...
Registered in 0.007814 seconds.
Begin MonoManager ReloadAssembly
Native extension for WindowsStandalone target not found
Native extension for WebGL target not found
Refreshing native plugins compatible for Editor in 0.63 ms, found 2 plugins.
Preloading 0 native plugins for Editor in 0.00 ms.
Mono: successfully reloaded assembly
- Completed reload, in  2.727 seconds
Platform modules already initialized, skipping
========================================================================
Worker process is ready to serve import requests
Launched and connected shader compiler UnityShaderCompiler.exe after 0.11 seconds
Refreshing native plugins compatible for Editor in 0.87 ms, found 2 plugins.
Preloading 0 native plugins for Editor in 0.00 ms.
Unloading 1392 Unused Serialized files (Serialized files now loaded: 0)
System memory in use before: 64.9 MB.
System memory in use after: 64.9 MB.

Unloading 19 unused Assets to reduce memory usage. Loaded Objects now: 1826.
Total: 4.332100 ms (FindLiveObjects: 0.291400 ms CreateObjectMapping: 0.209600 ms MarkObjects: 3.683700 ms  DeleteObjects: 0.145200 ms)

========================================================================
Received Import Request.
  path: Assets/Animations/Boss
  artifactKey: Guid(90c50bf5254724f4f932c8c0228b379a) Importer(815301076,1909f56bfc062723c751e8b465ee728b)
Start importing Assets/Animations/Boss using Guid(90c50bf5254724f4f932c8c0228b379a) Importer(815301076,1909f56bfc062723c751e8b465ee728b)  -> (artifact id: '077f3f4763c13fe7ee219b2e2d737a29') in 0.039017 seconds
  Import took 0.045390 seconds .

========================================================================
Received Prepare
Registering precompiled user dll's ...
Registered in 0.008221 seconds.
Begin MonoManager ReloadAssembly
Native extension for WindowsStandalone target not found
Native extension for WebGL target not found
Refreshing native plugins compatible for Editor in 0.69 ms, found 2 plugins.
Preloading 0 native plugins for Editor in 0.00 ms.
Mono: successfully reloaded assembly
- Completed reload, in  2.804 seconds
Platform modules already initialized, skipping
Refreshing native plugins compatible for Editor in 0.85 ms, found 2 plugins.
Preloading 0 native plugins for Editor in 0.00 ms.
Unloading 1388 Unused Serialized files (Serialized files now loaded: 0)
System memory in use before: 64.8 MB.
System memory in use after: 64.9 MB.

Unloading 14 unused Assets to reduce memory usage. Loaded Objects now: 1830.
Total: 3.933000 ms (FindLiveObjects: 0.273900 ms CreateObjectMapping: 0.159800 ms MarkObjects: 3.361100 ms  DeleteObjects: 0.135600 ms)

========================================================================
Received Import Request.
  Time since last request: 396.289583 seconds.
  path: Assets/Scripts/NewBehaviourScript.cs
  artifactKey: Guid(98a3495f8682bb54c82c6d6e3637b989) Importer(815301076,1909f56bfc062723c751e8b465ee728b)
Start importing Assets/Scripts/NewBehaviourScript.cs using Guid(98a3495f8682bb54c82c6d6e3637b989) Importer(815301076,1909f56bfc062723c751e8b465ee728b)  -> (artifact id: '76d3821dfc49e464187ccd03afd9695b') in 0.086824 seconds
  Import took 0.093557 seconds .

========================================================================
Received Prepare
Registering precompiled user dll's ...
Registered in 0.014750 seconds.
Begin MonoManager ReloadAssembly
Native extension for WindowsStandalone target not found
Native extension for WebGL target not found
Refreshing native plugins compatible for Editor in 0.55 ms, found 2 plugins.
Preloading 0 native plugins for Editor in 0.00 ms.
Mono: successfully reloaded assembly
- Completed reload, in  2.828 seconds
Platform modules already initialized, skipping
Refreshing native plugins compatible for Editor in 0.84 ms, found 2 plugins.
Preloading 0 native plugins for Editor in 0.00 ms.
Unloading 1387 Unused Serialized files (Serialized files now loaded: 0)
System memory in use before: 64.9 MB.
System memory in use after: 64.9 MB.

Unloading 15 unused Assets to reduce memory usage. Loaded Objects now: 1832.
Total: 7.181800 ms (FindLiveObjects: 0.280600 ms CreateObjectMapping: 0.157700 ms MarkObjects: 6.564400 ms  DeleteObjects: 0.176500 ms)

========================================================================
Received Import Request.
  Time since last request: 30.926291 seconds.
  path: Assets/Scripts/Boss.cs
  artifactKey: Guid(a44f57273d195054083cb922364897b8) Importer(815301076,1909f56bfc062723c751e8b465ee728b)
Start importing Assets/Scripts/Boss.cs using Guid(a44f57273d195054083cb922364897b8) Importer(815301076,1909f56bfc062723c751e8b465ee728b)  -> (artifact id: '7622a46f1b54f10859f903a59e16b3f3') in 0.032075 seconds
  Import took 0.039710 seconds .

========================================================================
Received Import Request.
  Time since last request: 0.083273 seconds.
  path: Assets/Scripts/Boss.cs
  artifactKey: Guid(a44f57273d195054083cb922364897b8) Importer(815301076,1909f56bfc062723c751e8b465ee728b)
Start importing Assets/Scripts/Boss.cs using Guid(a44f57273d195054083cb922364897b8) Importer(815301076,1909f56bfc062723c751e8b465ee728b)  -> (artifact id: '7622a46f1b54f10859f903a59e16b3f3') in 0.034573 seconds
  Import took 0.042478 seconds .

========================================================================
Received Prepare
Registering precompiled user dll's ...
Registered in 0.011322 seconds.
Begin MonoManager ReloadAssembly
Native extension for WindowsStandalone target not found
Native extension for WebGL target not found
Refreshing native plugins compatible for Editor in 0.86 ms, found 2 plugins.
Preloading 0 native plugins for Editor in 0.00 ms.
Mono: successfully reloaded assembly
- Completed reload, in  3.062 seconds
Platform modules already initialized, skipping
Refreshing native plugins compatible for Editor in 0.88 ms, found 2 plugins.
Preloading 0 native plugins for Editor in 0.00 ms.
Unloading 1388 Unused Serialized files (Serialized files now loaded: 0)
System memory in use before: 64.9 MB.
System memory in use after: 65.0 MB.

Unloading 14 unused Assets to reduce memory usage. Loaded Objects now: 1836.
Total: 6.979700 ms (FindLiveObjects: 0.577000 ms CreateObjectMapping: 0.343200 ms MarkObjects: 5.926200 ms  DeleteObjects: 0.129200 ms)

========================================================================
Received Import Request.
  Time since last request: 223.966421 seconds.
  path: Assets/Scripts/Boss.cs
  artifactKey: Guid(a44f57273d195054083cb922364897b8) Importer(815301076,1909f56bfc062723c751e8b465ee728b)
Start importing Assets/Scripts/Boss.cs using Guid(a44f57273d195054083cb922364897b8) Importer(815301076,1909f56bfc062723c751e8b465ee728b)  -> (artifact id: '61f079ecc4def21ebc2c54907d28e681') in 0.213153 seconds
  Import took 0.284205 seconds .

========================================================================
Received Prepare
Registering precompiled user dll's ...
Registered in 0.018183 seconds.
Begin MonoManager ReloadAssembly
Native extension for WindowsStandalone target not found
Native extension for WebGL target not found
Refreshing native plugins compatible for Editor in 0.72 ms, found 2 plugins.
Preloading 0 native plugins for Editor in 0.00 ms.
Mono: successfully reloaded assembly
- Completed reload, in  3.208 seconds
Platform modules already initialized, skipping
Refreshing native plugins compatible for Editor in 0.87 ms, found 2 plugins.
Preloading 0 native plugins for Editor in 0.00 ms.
Unloading 1388 Unused Serialized files (Serialized files now loaded: 0)
System memory in use before: 64.9 MB.
System memory in use after: 65.0 MB.

Unloading 14 unused Assets to reduce memory usage. Loaded Objects now: 1839.
Total: 3.355400 ms (FindLiveObjects: 0.232100 ms CreateObjectMapping: 0.095400 ms MarkObjects: 2.917800 ms  DeleteObjects: 0.107900 ms)

========================================================================
Received Import Request.
  Time since last request: 79.453632 seconds.
  path: Assets/Scripts/Boss.cs
  artifactKey: Guid(a44f57273d195054083cb922364897b8) Importer(815301076,1909f56bfc062723c751e8b465ee728b)
Start importing Assets/Scripts/Boss.cs using Guid(a44f57273d195054083cb922364897b8) Importer(815301076,1909f56bfc062723c751e8b465ee728b)  -> (artifact id: '772ea562f310489107774f916aea1d53') in 0.883998 seconds
  Import took 0.897714 seconds .

========================================================================
Received Prepare
Registering precompiled user dll's ...
Registered in 0.017020 seconds.
Begin MonoManager ReloadAssembly
Native extension for WindowsStandalone target not found
Native extension for WebGL target not found
Refreshing native plugins compatible for Editor in 5.35 ms, found 2 plugins.
Preloading 0 native plugins for Editor in 0.00 ms.
Mono: successfully reloaded assembly
- Completed reload, in  4.711 seconds
Platform modules already initialized, skipping
Refreshing native plugins compatible for Editor in 0.94 ms, found 2 plugins.
Preloading 0 native plugins for Editor in 0.00 ms.
Unloading 1388 Unused Serialized files (Serialized files now loaded: 0)
System memory in use before: 64.9 MB.
System memory in use after: 65.0 MB.

Unloading 14 unused Assets to reduce memory usage. Loaded Objects now: 1842.
Total: 11.716000 ms (FindLiveObjects: 0.740900 ms CreateObjectMapping: 0.299300 ms MarkObjects: 10.488300 ms  DeleteObjects: 0.182000 ms)

========================================================================
Received Prepare
Registering precompiled user dll's ...
Registered in 0.014887 seconds.
Begin MonoManager ReloadAssembly
Native extension for WindowsStandalone target not found
Native extension for WebGL target not found
Refreshing native plugins compatible for Editor in 1.29 ms, found 2 plugins.
Preloading 0 native plugins for Editor in 0.00 ms.
Mono: successfully reloaded assembly
- Completed reload, in  3.193 seconds
Platform modules already initialized, skipping
Refreshing native plugins compatible for Editor in 1.09 ms, found 2 plugins.
Preloading 0 native plugins for Editor in 0.00 ms.
Unloading 1388 Unused Serialized files (Serialized files now loaded: 0)
System memory in use before: 64.9 MB.
System memory in use after: 65.0 MB.

Unloading 14 unused Assets to reduce memory usage. Loaded Objects now: 1845.
Total: 6.171100 ms (FindLiveObjects: 0.279300 ms CreateObjectMapping: 0.157500 ms MarkObjects: 5.636000 ms  DeleteObjects: 0.095900 ms)

========================================================================
Received Import Request.
  Time since last request: 74.357939 seconds.
  path: Assets/Scripts/Boss.cs
  artifactKey: Guid(a44f57273d195054083cb922364897b8) Importer(815301076,1909f56bfc062723c751e8b465ee728b)
Start importing Assets/Scripts/Boss.cs using Guid(a44f57273d195054083cb922364897b8) Importer(815301076,1909f56bfc062723c751e8b465ee728b)  -> (artifact id: 'f9449cb93a5ffe645178573eb8e0f4ba') in 0.014482 seconds
  Import took 0.023174 seconds .

========================================================================
Received Prepare
Registering precompiled user dll's ...
Registered in 0.008938 seconds.
Begin MonoManager ReloadAssembly
Native extension for WindowsStandalone target not found
Native extension for WebGL target not found
Refreshing native plugins compatible for Editor in 0.84 ms, found 2 plugins.
Preloading 0 native plugins for Editor in 0.00 ms.
Mono: successfully reloaded assembly
- Completed reload, in  4.274 seconds
Platform modules already initialized, skipping
Refreshing native plugins compatible for Editor in 0.90 ms, found 2 plugins.
Preloading 0 native plugins for Editor in 0.00 ms.
Unloading 1388 Unused Serialized files (Serialized files now loaded: 0)
System memory in use before: 64.9 MB.
System memory in use after: 65.0 MB.

Unloading 14 unused Assets to reduce memory usage. Loaded Objects now: 1848.
Total: 5.104200 ms (FindLiveObjects: 0.481400 ms CreateObjectMapping: 0.136400 ms MarkObjects: 4.335600 ms  DeleteObjects: 0.147000 ms)

========================================================================
Received Prepare
Registering precompiled user dll's ...
Registered in 0.009747 seconds.
Begin MonoManager ReloadAssembly
Native extension for WindowsStandalone target not found
Native extension for WebGL target not found
Refreshing native plugins compatible for Editor in 1.26 ms, found 2 plugins.
Preloading 0 native plugins for Editor in 0.00 ms.
Mono: successfully reloaded assembly
- Completed reload, in  3.531 seconds
Platform modules already initialized, skipping
Refreshing native plugins compatible for Editor in 1.06 ms, found 2 plugins.
Preloading 0 native plugins for Editor in 0.00 ms.
Unloading 1388 Unused Serialized files (Serialized files now loaded: 0)
System memory in use before: 64.9 MB.
System memory in use after: 65.0 MB.

Unloading 14 unused Assets to reduce memory usage. Loaded Objects now: 1851.
Total: 6.660400 ms (FindLiveObjects: 0.360800 ms CreateObjectMapping: 0.220800 ms MarkObjects: 5.928400 ms  DeleteObjects: 0.147300 ms)

========================================================================
Received Import Request.
  Time since last request: 2035.021666 seconds.
  path: Assets/Scripts/Boomerang.cs
  artifactKey: Guid(7157e54a08b2d3e4184087462bf76225) Importer(815301076,1909f56bfc062723c751e8b465ee728b)
Start importing Assets/Scripts/Boomerang.cs using Guid(7157e54a08b2d3e4184087462bf76225) Importer(815301076,1909f56bfc062723c751e8b465ee728b)  -> (artifact id: '21ad8d334d7168a95475a43014bfb316') in 0.144973 seconds
  Import took 0.159181 seconds .

========================================================================
Received Prepare
Registering precompiled user dll's ...
Registered in 0.010970 seconds.
Begin MonoManager ReloadAssembly
Native extension for WindowsStandalone target not found
Native extension for WebGL target not found
Refreshing native plugins compatible for Editor in 1.02 ms, found 2 plugins.
Preloading 0 native plugins for Editor in 0.00 ms.
Mono: successfully reloaded assembly
- Completed reload, in  3.464 seconds
Platform modules already initialized, skipping
Refreshing native plugins compatible for Editor in 0.89 ms, found 2 plugins.
Preloading 0 native plugins for Editor in 0.00 ms.
Unloading 1389 Unused Serialized files (Serialized files now loaded: 0)
System memory in use before: 65.0 MB.
System memory in use after: 65.0 MB.

Unloading 14 unused Assets to reduce memory usage. Loaded Objects now: 1855.
Total: 4.192200 ms (FindLiveObjects: 0.530400 ms CreateObjectMapping: 0.119300 ms MarkObjects: 3.380000 ms  DeleteObjects: 0.156300 ms)

========================================================================
Received Import Request.
  Time since last request: 229.159447 seconds.
  path: Assets/Scripts/Boomerang.cs
  artifactKey: Guid(7157e54a08b2d3e4184087462bf76225) Importer(815301076,1909f56bfc062723c751e8b465ee728b)
Start importing Assets/Scripts/Boomerang.cs using Guid(7157e54a08b2d3e4184087462bf76225) Importer(815301076,1909f56bfc062723c751e8b465ee728b)  -> (artifact id: '200001d00dd9557810747096c5bef686') in 0.036161 seconds
  Import took 0.061683 seconds .

========================================================================
Received Import Request.
  Time since last request: 0.264489 seconds.
  path: Assets/Scripts/Boomerang.cs
  artifactKey: Guid(7157e54a08b2d3e4184087462bf76225) Importer(815301076,1909f56bfc062723c751e8b465ee728b)
Start importing Assets/Scripts/Boomerang.cs using Guid(7157e54a08b2d3e4184087462bf76225) Importer(815301076,1909f56bfc062723c751e8b465ee728b)  -> (artifact id: '200001d00dd9557810747096c5bef686') in 0.092171 seconds
  Import took 1.023164 seconds .

========================================================================
Received Prepare
Registering precompiled user dll's ...
Registered in 0.016560 seconds.
Begin MonoManager ReloadAssembly
Native extension for WindowsStandalone target not found
Native extension for WebGL target not found
Refreshing native plugins compatible for Editor in 1.15 ms, found 2 plugins.
Preloading 0 native plugins for Editor in 0.00 ms.
Mono: successfully reloaded assembly
- Completed reload, in  2.976 seconds
Platform modules already initialized, skipping
Refreshing native plugins compatible for Editor in 1.03 ms, found 2 plugins.
Preloading 0 native plugins for Editor in 0.00 ms.
Unloading 1389 Unused Serialized files (Serialized files now loaded: 0)
System memory in use before: 65.0 MB.
System memory in use after: 65.1 MB.

Unloading 14 unused Assets to reduce memory usage. Loaded Objects now: 1858.
Total: 7.459500 ms (FindLiveObjects: 0.287600 ms CreateObjectMapping: 0.158100 ms MarkObjects: 6.817700 ms  DeleteObjects: 0.193000 ms)

========================================================================
Received Prepare
Registering precompiled user dll's ...
Registered in 0.013159 seconds.
Begin MonoManager ReloadAssembly
Native extension for WindowsStandalone target not found
Native extension for WebGL target not found
Refreshing native plugins compatible for Editor in 0.87 ms, found 2 plugins.
Preloading 0 native plugins for Editor in 0.00 ms.
Mono: successfully reloaded assembly
- Completed reload, in  3.378 seconds
Platform modules already initialized, skipping
Refreshing native plugins compatible for Editor in 0.82 ms, found 2 plugins.
Preloading 0 native plugins for Editor in 0.00 ms.
Unloading 1389 Unused Serialized files (Serialized files now loaded: 0)
System memory in use before: 65.0 MB.
System memory in use after: 65.1 MB.

Unloading 14 unused Assets to reduce memory usage. Loaded Objects now: 1861.
Total: 4.067000 ms (FindLiveObjects: 0.614400 ms CreateObjectMapping: 0.153600 ms MarkObjects: 3.195000 ms  DeleteObjects: 0.101900 ms)

========================================================================
Received Prepare
Registering precompiled user dll's ...
Registered in 0.016956 seconds.
Begin MonoManager ReloadAssembly
Native extension for WindowsStandalone target not found
Native extension for WebGL target not found
Refreshing native plugins compatible for Editor in 0.77 ms, found 2 plugins.
Preloading 0 native plugins for Editor in 0.00 ms.
Mono: successfully reloaded assembly
- Completed reload, in  3.436 seconds
Platform modules already initialized, skipping
Refreshing native plugins compatible for Editor in 1.07 ms, found 2 plugins.
Preloading 0 native plugins for Editor in 0.00 ms.
Unloading 1389 Unused Serialized files (Serialized files now loaded: 0)
System memory in use before: 65.0 MB.
System memory in use after: 65.1 MB.

Unloading 14 unused Assets to reduce memory usage. Loaded Objects now: 1864.
Total: 6.944900 ms (FindLiveObjects: 0.810500 ms CreateObjectMapping: 0.214000 ms MarkObjects: 5.790000 ms  DeleteObjects: 0.127000 ms)

========================================================================
Received Import Request.
  Time since last request: 339.727280 seconds.
  path: Assets/Scripts/DestroyByTime.cs
  artifactKey: Guid(c2fd86180581cb04cb3ac3843fe30a79) Importer(815301076,1909f56bfc062723c751e8b465ee728b)
Start importing Assets/Scripts/DestroyByTime.cs using Guid(c2fd86180581cb04cb3ac3843fe30a79) Importer(815301076,1909f56bfc062723c751e8b465ee728b)  -> (artifact id: '6f80c15fe0a596e337551eab6ec02909') in 0.202098 seconds
  Import took 0.227106 seconds .

========================================================================
Received Prepare
Registering precompiled user dll's ...
Registered in 0.015748 seconds.
Begin MonoManager ReloadAssembly
Native extension for WindowsStandalone target not found
Native extension for WebGL target not found
Refreshing native plugins compatible for Editor in 0.55 ms, found 2 plugins.
Preloading 0 native plugins for Editor in 0.00 ms.
Mono: successfully reloaded assembly
- Completed reload, in  3.811 seconds
Platform modules already initialized, skipping
Refreshing native plugins compatible for Editor in 0.97 ms, found 2 plugins.
Preloading 0 native plugins for Editor in 0.00 ms.
Unloading 1390 Unused Serialized files (Serialized files now loaded: 0)
System memory in use before: 65.0 MB.
System memory in use after: 65.1 MB.

Unloading 14 unused Assets to reduce memory usage. Loaded Objects now: 1868.
Total: 4.401900 ms (FindLiveObjects: 0.533800 ms CreateObjectMapping: 0.181400 ms MarkObjects: 3.563200 ms  DeleteObjects: 0.119700 ms)

========================================================================
Received Import Request.
  Time since last request: 73.185307 seconds.
  path: Assets/Scripts/DestroyByTime.cs
  artifactKey: Guid(c2fd86180581cb04cb3ac3843fe30a79) Importer(815301076,1909f56bfc062723c751e8b465ee728b)
Start importing Assets/Scripts/DestroyByTime.cs using Guid(c2fd86180581cb04cb3ac3843fe30a79) Importer(815301076,1909f56bfc062723c751e8b465ee728b)  -> (artifact id: 'a6710ece798a0d936728411b7bd6b95b') in 0.030425 seconds
  Import took 0.043625 seconds .

========================================================================
Received Prepare
Registering precompiled user dll's ...
Registered in 0.007665 seconds.
Begin MonoManager ReloadAssembly
Native extension for WindowsStandalone target not found
Native extension for WebGL target not found
Refreshing native plugins compatible for Editor in 0.89 ms, found 2 plugins.
Preloading 0 native plugins for Editor in 0.00 ms.
Mono: successfully reloaded assembly
- Completed reload, in  3.468 seconds
Platform modules already initialized, skipping
Refreshing native plugins compatible for Editor in 0.86 ms, found 2 plugins.
Preloading 0 native plugins for Editor in 0.00 ms.
Unloading 1390 Unused Serialized files (Serialized files now loaded: 0)
System memory in use before: 65.0 MB.
System memory in use after: 65.1 MB.

Unloading 14 unused Assets to reduce memory usage. Loaded Objects now: 1871.
Total: 17.545900 ms (FindLiveObjects: 0.485400 ms CreateObjectMapping: 0.220400 ms MarkObjects: 16.710300 ms  DeleteObjects: 0.124700 ms)

========================================================================
Received Import Request.
  Time since last request: 258.457143 seconds.
  path: Assets/Prefabs/Boomerang.prefab
  artifactKey: Guid(b34c1782beaafbb4d8ea48c06989c2b2) Importer(815301076,1909f56bfc062723c751e8b465ee728b)
Start importing Assets/Prefabs/Boomerang.prefab using Guid(b34c1782beaafbb4d8ea48c06989c2b2) Importer(815301076,1909f56bfc062723c751e8b465ee728b)  -> (artifact id: '3eadb0f1ba8cd0dc4e356ccc91baa5f3') in 0.356073 seconds
  Import took 0.369468 seconds .

========================================================================
Received Import Request.
  Time since last request: 225.266797 seconds.
  path: Assets/Prefabs/Boomerang.prefab
  artifactKey: Guid(b34c1782beaafbb4d8ea48c06989c2b2) Importer(815301076,1909f56bfc062723c751e8b465ee728b)
Start importing Assets/Prefabs/Boomerang.prefab using Guid(b34c1782beaafbb4d8ea48c06989c2b2) Importer(815301076,1909f56bfc062723c751e8b465ee728b)  -> (artifact id: '94766c5ab7da61c2732d9242f8cd0a86') in 0.054742 seconds
  Import took 0.062729 seconds .

========================================================================
Received Import Request.
  Time since last request: 0.040137 seconds.
  path: Assets/Prefabs/Boomerang.prefab
  artifactKey: Guid(b34c1782beaafbb4d8ea48c06989c2b2) Importer(815301076,1909f56bfc062723c751e8b465ee728b)
Start importing Assets/Prefabs/Boomerang.prefab using Guid(b34c1782beaafbb4d8ea48c06989c2b2) Importer(815301076,1909f56bfc062723c751e8b465ee728b)  -> (artifact id: '94766c5ab7da61c2732d9242f8cd0a86') in 0.057353 seconds
  Import took 0.066052 seconds .

========================================================================
Received Prepare
Registering precompiled user dll's ...
Registered in 0.010449 seconds.
Begin MonoManager ReloadAssembly
Native extension for WindowsStandalone target not found
Native extension for WebGL target not found
Refreshing native plugins compatible for Editor in 1.15 ms, found 2 plugins.
Preloading 0 native plugins for Editor in 0.00 ms.
Mono: successfully reloaded assembly
- Completed reload, in  3.314 seconds
Platform modules already initialized, skipping
Refreshing native plugins compatible for Editor in 0.90 ms, found 2 plugins.
Preloading 0 native plugins for Editor in 0.00 ms.
Unloading 1390 Unused Serialized files (Serialized files now loaded: 0)
System memory in use before: 68.2 MB.
System memory in use after: 68.2 MB.

Unloading 14 unused Assets to reduce memory usage. Loaded Objects now: 1881.
Total: 5.128900 ms (FindLiveObjects: 0.284900 ms CreateObjectMapping: 0.178900 ms MarkObjects: 4.552200 ms  DeleteObjects: 0.110500 ms)

========================================================================
Received Prepare
Registering precompiled user dll's ...
Registered in 0.008567 seconds.
Begin MonoManager ReloadAssembly
Native extension for WindowsStandalone target not found
Native extension for WebGL target not found
Refreshing native plugins compatible for Editor in 0.84 ms, found 2 plugins.
Preloading 0 native plugins for Editor in 0.00 ms.
Mono: successfully reloaded assembly
- Completed reload, in  3.240 seconds
Platform modules already initialized, skipping
Refreshing native plugins compatible for Editor in 1.49 ms, found 2 plugins.
Preloading 0 native plugins for Editor in 0.00 ms.
Unloading 1390 Unused Serialized files (Serialized files now loaded: 0)
System memory in use before: 68.2 MB.
System memory in use after: 68.2 MB.

Unloading 14 unused Assets to reduce memory usage. Loaded Objects now: 1884.
Total: 7.316900 ms (FindLiveObjects: 0.389000 ms CreateObjectMapping: 0.251900 ms MarkObjects: 6.490100 ms  DeleteObjects: 0.182800 ms)

========================================================================
Received Import Request.
  Time since last request: 197.934883 seconds.
  path: Assets/Prefabs/Boomerang.prefab
  artifactKey: Guid(b34c1782beaafbb4d8ea48c06989c2b2) Importer(815301076,1909f56bfc062723c751e8b465ee728b)
Start importing Assets/Prefabs/Boomerang.prefab using Guid(b34c1782beaafbb4d8ea48c06989c2b2) Importer(815301076,1909f56bfc062723c751e8b465ee728b)  -> (artifact id: '18d2c5f02cf4d045ebb97e5a7cf3833d') in 0.183831 seconds
  Import took 0.193220 seconds .

========================================================================
Received Import Request.
  Time since last request: 3.879995 seconds.
  path: Assets/Prefabs/Boomerang.prefab
  artifactKey: Guid(b34c1782beaafbb4d8ea48c06989c2b2) Importer(815301076,1909f56bfc062723c751e8b465ee728b)
Start importing Assets/Prefabs/Boomerang.prefab using Guid(b34c1782beaafbb4d8ea48c06989c2b2) Importer(815301076,1909f56bfc062723c751e8b465ee728b)  -> (artifact id: '4653925745e81e6ceec9c7fc96e5298c') in 0.047316 seconds
  Import took 0.055120 seconds .

========================================================================
Received Import Request.
  Time since last request: 0.032304 seconds.
  path: Assets/Prefabs/Boomerang.prefab
  artifactKey: Guid(b34c1782beaafbb4d8ea48c06989c2b2) Importer(815301076,1909f56bfc062723c751e8b465ee728b)
Start importing Assets/Prefabs/Boomerang.prefab using Guid(b34c1782beaafbb4d8ea48c06989c2b2) Importer(815301076,1909f56bfc062723c751e8b465ee728b)  -> (artifact id: '4653925745e81e6ceec9c7fc96e5298c') in 0.052745 seconds
  Import took 0.061732 seconds .

========================================================================
Received Prepare
Registering precompiled user dll's ...
Registered in 0.010987 seconds.
Begin MonoManager ReloadAssembly
Native extension for WindowsStandalone target not found
Native extension for WebGL target not found
Refreshing native plugins compatible for Editor in 0.56 ms, found 2 plugins.
Preloading 0 native plugins for Editor in 0.00 ms.
Mono: successfully reloaded assembly
- Completed reload, in  2.823 seconds
Platform modules already initialized, skipping
Refreshing native plugins compatible for Editor in 0.84 ms, found 2 plugins.
Preloading 0 native plugins for Editor in 0.00 ms.
Unloading 1390 Unused Serialized files (Serialized files now loaded: 0)
System memory in use before: 68.2 MB.
System memory in use after: 68.3 MB.

Unloading 14 unused Assets to reduce memory usage. Loaded Objects now: 1888.
Total: 8.986600 ms (FindLiveObjects: 0.495500 ms CreateObjectMapping: 0.168800 ms MarkObjects: 8.163100 ms  DeleteObjects: 0.155400 ms)

========================================================================
Received Prepare
Registering precompiled user dll's ...
Registered in 0.010940 seconds.
Begin MonoManager ReloadAssembly
Native extension for WindowsStandalone target not found
Native extension for WebGL target not found
Refreshing native plugins compatible for Editor in 1.64 ms, found 2 plugins.
Preloading 0 native plugins for Editor in 0.00 ms.
Mono: successfully reloaded assembly
- Completed reload, in  3.297 seconds
Platform modules already initialized, skipping
Refreshing native plugins compatible for Editor in 0.87 ms, found 2 plugins.
Preloading 0 native plugins for Editor in 0.00 ms.
Unloading 1390 Unused Serialized files (Serialized files now loaded: 0)
System memory in use before: 68.2 MB.
System memory in use after: 68.3 MB.

Unloading 14 unused Assets to reduce memory usage. Loaded Objects now: 1891.
Total: 23.909500 ms (FindLiveObjects: 2.164800 ms CreateObjectMapping: 0.388000 ms MarkObjects: 21.157300 ms  DeleteObjects: 0.195500 ms)

========================================================================
Received Prepare
Registering precompiled user dll's ...
Registered in 0.020278 seconds.
Begin MonoManager ReloadAssembly
Native extension for WindowsStandalone target not found
Native extension for WebGL target not found
Refreshing native plugins compatible for Editor in 0.88 ms, found 2 plugins.
Preloading 0 native plugins for Editor in 0.00 ms.
Mono: successfully reloaded assembly
- Completed reload, in  4.964 seconds
Platform modules already initialized, skipping
Refreshing native plugins compatible for Editor in 1.28 ms, found 2 plugins.
Preloading 0 native plugins for Editor in 0.00 ms.
Unloading 1390 Unused Serialized files (Serialized files now loaded: 0)
System memory in use before: 68.2 MB.
System memory in use after: 68.3 MB.

Unloading 14 unused Assets to reduce memory usage. Loaded Objects now: 1894.
Total: 8.811800 ms (FindLiveObjects: 1.450600 ms CreateObjectMapping: 0.424200 ms MarkObjects: 6.614600 ms  DeleteObjects: 0.318900 ms)

========================================================================
Received Prepare
Registering precompiled user dll's ...
Registered in 0.012899 seconds.
Begin MonoManager ReloadAssembly
Native extension for WindowsStandalone target not found
Native extension for WebGL target not found
Refreshing native plugins compatible for Editor in 0.66 ms, found 2 plugins.
Preloading 0 native plugins for Editor in 0.00 ms.
Mono: successfully reloaded assembly
- Completed reload, in  2.892 seconds
Platform modules already initialized, skipping
Refreshing native plugins compatible for Editor in 0.88 ms, found 2 plugins.
Preloading 0 native plugins for Editor in 0.00 ms.
Unloading 1390 Unused Serialized files (Serialized files now loaded: 0)
System memory in use before: 68.2 MB.
System memory in use after: 68.3 MB.

Unloading 14 unused Assets to reduce memory usage. Loaded Objects now: 1897.
Total: 3.909600 ms (FindLiveObjects: 0.242600 ms CreateObjectMapping: 0.123300 ms MarkObjects: 3.410100 ms  DeleteObjects: 0.131100 ms)

========================================================================
Received Import Request.
  Time since last request: 5601.320546 seconds.
  path: Assets/Scripts/MusicController.cs
  artifactKey: Guid(29e809d7c164c2d47b47174fe9b22dcb) Importer(815301076,1909f56bfc062723c751e8b465ee728b)
Start importing Assets/Scripts/MusicController.cs using Guid(29e809d7c164c2d47b47174fe9b22dcb) Importer(815301076,1909f56bfc062723c751e8b465ee728b)  -> (artifact id: '01b16198516cd78e42cee26f66760419') in 0.123764 seconds
  Import took 0.392118 seconds .

========================================================================
Received Prepare
Registering precompiled user dll's ...
Registered in 0.014016 seconds.
Begin MonoManager ReloadAssembly
Native extension for WindowsStandalone target not found
Native extension for WebGL target not found
Refreshing native plugins compatible for Editor in 1.48 ms, found 2 plugins.
Preloading 0 native plugins for Editor in 0.00 ms.
Mono: successfully reloaded assembly
- Completed reload, in  6.555 seconds
Platform modules already initialized, skipping
Refreshing native plugins compatible for Editor in 0.94 ms, found 2 plugins.
Preloading 0 native plugins for Editor in 0.00 ms.
Unloading 1391 Unused Serialized files (Serialized files now loaded: 0)
System memory in use before: 68.2 MB.
System memory in use after: 68.3 MB.

Unloading 14 unused Assets to reduce memory usage. Loaded Objects now: 1901.
Total: 4.354900 ms (FindLiveObjects: 0.309500 ms CreateObjectMapping: 0.162900 ms MarkObjects: 3.776800 ms  DeleteObjects: 0.103200 ms)

========================================================================
Received Prepare
Registering precompiled user dll's ...
Registered in 0.018443 seconds.
Begin MonoManager ReloadAssembly
Native extension for WindowsStandalone target not found
Native extension for WebGL target not found
Refreshing native plugins compatible for Editor in 0.89 ms, found 2 plugins.
Preloading 0 native plugins for Editor in 0.00 ms.
Mono: successfully reloaded assembly
- Completed reload, in  2.796 seconds
Platform modules already initialized, skipping
Refreshing native plugins compatible for Editor in 0.84 ms, found 2 plugins.
Preloading 0 native plugins for Editor in 0.00 ms.
Unloading 1391 Unused Serialized files (Serialized files now loaded: 0)
System memory in use before: 68.2 MB.
System memory in use after: 68.3 MB.

Unloading 14 unused Assets to reduce memory usage. Loaded Objects now: 1904.
Total: 3.197400 ms (FindLiveObjects: 0.237000 ms CreateObjectMapping: 0.096600 ms MarkObjects: 2.765800 ms  DeleteObjects: 0.095500 ms)

========================================================================
Received Import Request.
  Time since last request: 73.830617 seconds.
  path: Assets/Sounds/Voice10.wav
  artifactKey: Guid(6417d35ab674bd945bad7fc618b50001) Importer(815301076,1909f56bfc062723c751e8b465ee728b)
Start importing Assets/Sounds/Voice10.wav using Guid(6417d35ab674bd945bad7fc618b50001) Importer(815301076,1909f56bfc062723c751e8b465ee728b)  -> (artifact id: 'cde9a28cc614060ae5125074db94f349') in 0.283992 seconds
  Import took 0.290833 seconds .

========================================================================
Received Import Request.
  Time since last request: 0.000634 seconds.
  path: Assets/Scripts/MusicController.cs
  artifactKey: Guid(29e809d7c164c2d47b47174fe9b22dcb) Importer(815301076,1909f56bfc062723c751e8b465ee728b)
Start importing Assets/Scripts/MusicController.cs using Guid(29e809d7c164c2d47b47174fe9b22dcb) Importer(815301076,1909f56bfc062723c751e8b465ee728b)  -> (artifact id: 'eed5c2195e1191089e509e0126fad5fb') in 0.010152 seconds
  Import took 0.016420 seconds .

========================================================================
Received Import Request.
  Time since last request: 0.000733 seconds.
  path: Assets/Sounds/Voice9.wav
  artifactKey: Guid(6bbe20784e7a3f14aabe8d7ee0808ef7) Importer(815301076,1909f56bfc062723c751e8b465ee728b)
Start importing Assets/Sounds/Voice9.wav using Guid(6bbe20784e7a3f14aabe8d7ee0808ef7) Importer(815301076,1909f56bfc062723c751e8b465ee728b)  -> (artifact id: 'da7257c43aef48a03cf2f8204d31c058') in 0.127359 seconds
  Import took 0.141134 seconds .

========================================================================
Received Prepare
Registering precompiled user dll's ...
Registered in 0.011847 seconds.
Begin MonoManager ReloadAssembly
Native extension for WindowsStandalone target not found
Native extension for WebGL target not found
Refreshing native plugins compatible for Editor in 0.91 ms, found 2 plugins.
Preloading 0 native plugins for Editor in 0.00 ms.
Mono: successfully reloaded assembly
- Completed reload, in  3.697 seconds
Platform modules already initialized, skipping
Refreshing native plugins compatible for Editor in 0.95 ms, found 2 plugins.
Preloading 0 native plugins for Editor in 0.00 ms.
Unloading 1391 Unused Serialized files (Serialized files now loaded: 0)
System memory in use before: 68.3 MB.
System memory in use after: 68.4 MB.

Unloading 14 unused Assets to reduce memory usage. Loaded Objects now: 1910.
Total: 7.222000 ms (FindLiveObjects: 0.684300 ms CreateObjectMapping: 0.346300 ms MarkObjects: 6.082800 ms  DeleteObjects: 0.105800 ms)

========================================================================
Received Prepare
Registering precompiled user dll's ...
Registered in 0.009396 seconds.
Begin MonoManager ReloadAssembly
Native extension for WindowsStandalone target not found
Native extension for WebGL target not found
Refreshing native plugins compatible for Editor in 0.63 ms, found 2 plugins.
Preloading 0 native plugins for Editor in 0.00 ms.
Mono: successfully reloaded assembly
- Completed reload, in  3.445 seconds
Platform modules already initialized, skipping
Refreshing native plugins compatible for Editor in 0.89 ms, found 2 plugins.
Preloading 0 native plugins for Editor in 0.00 ms.
Unloading 1391 Unused Serialized files (Serialized files now loaded: 0)
System memory in use before: 68.3 MB.
System memory in use after: 68.4 MB.

Unloading 14 unused Assets to reduce memory usage. Loaded Objects now: 1913.
Total: 6.818500 ms (FindLiveObjects: 0.466900 ms CreateObjectMapping: 0.219800 ms MarkObjects: 6.021100 ms  DeleteObjects: 0.107900 ms)

========================================================================
Received Import Request.
  Time since last request: 500.912450 seconds.
  path: Assets/Prefabs/Boss.prefab
  artifactKey: Guid(3c74295ab0d3b694a8cb74bd17010030) Importer(815301076,1909f56bfc062723c751e8b465ee728b)
Start importing Assets/Prefabs/Boss.prefab using Guid(3c74295ab0d3b694a8cb74bd17010030) Importer(815301076,1909f56bfc062723c751e8b465ee728b)  -> (artifact id: '2d713931428f5c5450b243da64040f8b') in 0.233390 seconds
  Import took 0.251871 seconds .

========================================================================
Received Import Request.
  Time since last request: 0.021239 seconds.
  path: Assets/Prefabs/Boss.prefab
  artifactKey: Guid(3c74295ab0d3b694a8cb74bd17010030) Importer(815301076,1909f56bfc062723c751e8b465ee728b)
Start importing Assets/Prefabs/Boss.prefab using Guid(3c74295ab0d3b694a8cb74bd17010030) Importer(815301076,1909f56bfc062723c751e8b465ee728b)  -> (artifact id: '2d713931428f5c5450b243da64040f8b') in 0.066860 seconds
  Import took 0.078773 seconds .

========================================================================
Received Import Request.
  Time since last request: 13.794305 seconds.
  path: Assets/Prefabs/Player Victor.prefab
  artifactKey: Guid(ef5bd1025cf12664d9eb1c4544b9b9dc) Importer(815301076,1909f56bfc062723c751e8b465ee728b)
Start importing Assets/Prefabs/Player Victor.prefab using Guid(ef5bd1025cf12664d9eb1c4544b9b9dc) Importer(815301076,1909f56bfc062723c751e8b465ee728b)  -> (artifact id: '866b9f1fff60a794c33b6fcc0fed9ba0') in 0.120620 seconds
  Import took 0.134368 seconds .

========================================================================
Received Import Request.
  Time since last request: 53.999909 seconds.
  path: Assets/Prefabs/Enemy.prefab
  artifactKey: Guid(0859ced6763020747b47b7b0ffdb239c) Importer(815301076,1909f56bfc062723c751e8b465ee728b)
Start importing Assets/Prefabs/Enemy.prefab using Guid(0859ced6763020747b47b7b0ffdb239c) Importer(815301076,1909f56bfc062723c751e8b465ee728b)  -> (artifact id: 'f628a2303ae12839fd4b6f867e4f2df2') in 0.095519 seconds
  Import took 0.106141 seconds .

========================================================================
Received Import Request.
  Time since last request: 18.040879 seconds.
  path: Assets/Prefabs/Player Victor.prefab
  artifactKey: Guid(ef5bd1025cf12664d9eb1c4544b9b9dc) Importer(815301076,1909f56bfc062723c751e8b465ee728b)
Start importing Assets/Prefabs/Player Victor.prefab using Guid(ef5bd1025cf12664d9eb1c4544b9b9dc) Importer(815301076,1909f56bfc062723c751e8b465ee728b)  -> (artifact id: '65b59b5418643bb6072f497b2d363bdb') in 0.085295 seconds
  Import took 0.093397 seconds .

========================================================================
Received Prepare
Registering precompiled user dll's ...
Registered in 0.008954 seconds.
Begin MonoManager ReloadAssembly
Native extension for WindowsStandalone target not found
Native extension for WebGL target not found
Refreshing native plugins compatible for Editor in 0.83 ms, found 2 plugins.
Preloading 0 native plugins for Editor in 0.00 ms.
Mono: successfully reloaded assembly
- Completed reload, in  4.393 seconds
Platform modules already initialized, skipping
Refreshing native plugins compatible for Editor in 0.91 ms, found 2 plugins.
Preloading 0 native plugins for Editor in 0.00 ms.
Unloading 1391 Unused Serialized files (Serialized files now loaded: 0)
System memory in use before: 68.3 MB.
System memory in use after: 68.4 MB.

Unloading 14 unused Assets to reduce memory usage. Loaded Objects now: 1917.
Total: 5.853300 ms (FindLiveObjects: 0.432500 ms CreateObjectMapping: 0.162900 ms MarkObjects: 4.896100 ms  DeleteObjects: 0.357800 ms)

========================================================================
Received Import Request.
  Time since last request: 418.821704 seconds.
  path: Assets/Prefabs/Boss.prefab
  artifactKey: Guid(3c74295ab0d3b694a8cb74bd17010030) Importer(815301076,1909f56bfc062723c751e8b465ee728b)
Start importing Assets/Prefabs/Boss.prefab using Guid(3c74295ab0d3b694a8cb74bd17010030) Importer(815301076,1909f56bfc062723c751e8b465ee728b)  -> (artifact id: '38a8d46cfbd4d6c0dd7e6e82c5c81147') in 0.365076 seconds
  Import took 0.398690 seconds .

========================================================================
Received Import Request.
  Time since last request: 0.000492 seconds.
  path: Assets/Prefabs/Player Victor.prefab
  artifactKey: Guid(ef5bd1025cf12664d9eb1c4544b9b9dc) Importer(815301076,1909f56bfc062723c751e8b465ee728b)
Start importing Assets/Prefabs/Player Victor.prefab using Guid(ef5bd1025cf12664d9eb1c4544b9b9dc) Importer(815301076,1909f56bfc062723c751e8b465ee728b)  -> (artifact id: 'ca155b9bc3b484919e2b6fb659dbce06') in 0.280448 seconds
  Import took 0.287173 seconds .

========================================================================
Received Import Request.
  Time since last request: 0.000158 seconds.
  path: Assets/Prefabs/Enemy.prefab
  artifactKey: Guid(0859ced6763020747b47b7b0ffdb239c) Importer(815301076,1909f56bfc062723c751e8b465ee728b)
Start importing Assets/Prefabs/Enemy.prefab using Guid(0859ced6763020747b47b7b0ffdb239c) Importer(815301076,1909f56bfc062723c751e8b465ee728b)  -> (artifact id: '924c70c674b6cd8ca61500fccc4f0fa4') in 0.134147 seconds
  Import took 0.199915 seconds .

========================================================================
Received Prepare
Registering precompiled user dll's ...
Registered in 0.010091 seconds.
Begin MonoManager ReloadAssembly
Native extension for WindowsStandalone target not found
Native extension for WebGL target not found
Refreshing native plugins compatible for Editor in 0.59 ms, found 2 plugins.
Preloading 0 native plugins for Editor in 0.00 ms.
Mono: successfully reloaded assembly
- Completed reload, in  4.231 seconds
Platform modules already initialized, skipping
Refreshing native plugins compatible for Editor in 2.67 ms, found 2 plugins.
Preloading 0 native plugins for Editor in 0.00 ms.
Unloading 1391 Unused Serialized files (Serialized files now loaded: 0)
System memory in use before: 68.4 MB.
System memory in use after: 68.4 MB.

Unloading 14 unused Assets to reduce memory usage. Loaded Objects now: 1921.
Total: 4.631200 ms (FindLiveObjects: 0.312600 ms CreateObjectMapping: 0.161200 ms MarkObjects: 3.422800 ms  DeleteObjects: 0.731100 ms)

========================================================================
Received Prepare
Registering precompiled user dll's ...
Registered in 0.015422 seconds.
Begin MonoManager ReloadAssembly
Native extension for WindowsStandalone target not found
Native extension for WebGL target not found
Refreshing native plugins compatible for Editor in 1.08 ms, found 2 plugins.
Preloading 0 native plugins for Editor in 0.00 ms.
Mono: successfully reloaded assembly
- Completed reload, in  3.523 seconds
Platform modules already initialized, skipping
Refreshing native plugins compatible for Editor in 0.83 ms, found 2 plugins.
Preloading 0 native plugins for Editor in 0.00 ms.
Unloading 1391 Unused Serialized files (Serialized files now loaded: 0)
System memory in use before: 68.4 MB.
System memory in use after: 68.4 MB.

Unloading 14 unused Assets to reduce memory usage. Loaded Objects now: 1924.
Total: 3.887300 ms (FindLiveObjects: 0.486800 ms CreateObjectMapping: 0.217800 ms MarkObjects: 3.079300 ms  DeleteObjects: 0.101000 ms)

========================================================================
Received Import Request.
  Time since last request: 363.011015 seconds.
  path: Assets/Prefabs/Boss.prefab
  artifactKey: Guid(3c74295ab0d3b694a8cb74bd17010030) Importer(815301076,1909f56bfc062723c751e8b465ee728b)
Start importing Assets/Prefabs/Boss.prefab using Guid(3c74295ab0d3b694a8cb74bd17010030) Importer(815301076,1909f56bfc062723c751e8b465ee728b)  -> (artifact id: '49a5f0991fe23c451140651f702a2bf0') in 0.204750 seconds
  Import took 0.213945 seconds .

========================================================================
Received Import Request.
  Time since last request: 6.779587 seconds.
  path: Assets/Prefabs/Enemy.prefab
  artifactKey: Guid(0859ced6763020747b47b7b0ffdb239c) Importer(815301076,1909f56bfc062723c751e8b465ee728b)
Start importing Assets/Prefabs/Enemy.prefab using Guid(0859ced6763020747b47b7b0ffdb239c) Importer(815301076,1909f56bfc062723c751e8b465ee728b)  -> (artifact id: '9880690743905abea4c3cee8ad9270b3') in 0.085489 seconds
  Import took 0.098026 seconds .

========================================================================
Received Import Request.
  Time since last request: 0.958009 seconds.
  path: Assets/Prefabs/Enemy.prefab
  artifactKey: Guid(0859ced6763020747b47b7b0ffdb239c) Importer(815301076,1909f56bfc062723c751e8b465ee728b)
Start importing Assets/Prefabs/Enemy.prefab using Guid(0859ced6763020747b47b7b0ffdb239c) Importer(815301076,1909f56bfc062723c751e8b465ee728b)  -> (artifact id: '14082d4e8972446687ab3eacf44fe8b8') in 0.104983 seconds
  Import took 0.112920 seconds .

========================================================================
Received Import Request.
  Time since last request: 108.040472 seconds.
  path: Assets/Prefabs/Enemy.prefab
  artifactKey: Guid(0859ced6763020747b47b7b0ffdb239c) Importer(815301076,1909f56bfc062723c751e8b465ee728b)
Start importing Assets/Prefabs/Enemy.prefab using Guid(0859ced6763020747b47b7b0ffdb239c) Importer(815301076,1909f56bfc062723c751e8b465ee728b)  -> (artifact id: '5321378951f811af7942753fdd509256') in 0.057304 seconds
  Import took 0.065334 seconds .

========================================================================
Received Prepare
Registering precompiled user dll's ...
Registered in 0.009905 seconds.
Begin MonoManager ReloadAssembly
Native extension for WindowsStandalone target not found
Native extension for WebGL target not found
Refreshing native plugins compatible for Editor in 0.57 ms, found 2 plugins.
Preloading 0 native plugins for Editor in 0.00 ms.
Mono: successfully reloaded assembly
- Completed reload, in  2.938 seconds
Platform modules already initialized, skipping
Refreshing native plugins compatible for Editor in 0.87 ms, found 2 plugins.
Preloading 0 native plugins for Editor in 0.00 ms.
Unloading 1391 Unused Serialized files (Serialized files now loaded: 0)
System memory in use before: 68.4 MB.
System memory in use after: 68.4 MB.

Unloading 14 unused Assets to reduce memory usage. Loaded Objects now: 1928.
Total: 6.721600 ms (FindLiveObjects: 0.734700 ms CreateObjectMapping: 0.338800 ms MarkObjects: 5.510300 ms  DeleteObjects: 0.134600 ms)

========================================================================
Received Prepare
Registering precompiled user dll's ...
Registered in 0.010876 seconds.
Begin MonoManager ReloadAssembly
Native extension for WindowsStandalone target not found
Native extension for WebGL target not found
Refreshing native plugins compatible for Editor in 0.79 ms, found 2 plugins.
Preloading 0 native plugins for Editor in 0.00 ms.
Mono: successfully reloaded assembly
- Completed reload, in  3.136 seconds
Platform modules already initialized, skipping
Refreshing native plugins compatible for Editor in 1.04 ms, found 2 plugins.
Preloading 0 native plugins for Editor in 0.00 ms.
Unloading 1391 Unused Serialized files (Serialized files now loaded: 0)
System memory in use before: 68.4 MB.
System memory in use after: 68.5 MB.

Unloading 14 unused Assets to reduce memory usage. Loaded Objects now: 1931.
Total: 5.168900 ms (FindLiveObjects: 0.418000 ms CreateObjectMapping: 0.137200 ms MarkObjects: 4.476800 ms  DeleteObjects: 0.133300 ms)

========================================================================
Received Import Request.
  Time since last request: 388.949133 seconds.
  path: Assets/Prefabs/Player Victor.prefab
  artifactKey: Guid(ef5bd1025cf12664d9eb1c4544b9b9dc) Importer(815301076,1909f56bfc062723c751e8b465ee728b)
Start importing Assets/Prefabs/Player Victor.prefab using Guid(ef5bd1025cf12664d9eb1c4544b9b9dc) Importer(815301076,1909f56bfc062723c751e8b465ee728b)  -> (artifact id: '51f7d24e6084aac4bb9fc2485fb64c43') in 0.225094 seconds
  Import took 0.237615 seconds .

========================================================================
Received Prepare
Registering precompiled user dll's ...
Registered in 0.049894 seconds.
Begin MonoManager ReloadAssembly
Native extension for WindowsStandalone target not found
Native extension for WebGL target not found
Refreshing native plugins compatible for Editor in 0.57 ms, found 2 plugins.
Preloading 0 native plugins for Editor in 0.00 ms.
Mono: successfully reloaded assembly
- Completed reload, in  4.858 seconds
Platform modules already initialized, skipping
Refreshing native plugins compatible for Editor in 1.11 ms, found 2 plugins.
Preloading 0 native plugins for Editor in 0.00 ms.
Unloading 1391 Unused Serialized files (Serialized files now loaded: 0)
System memory in use before: 68.4 MB.
System memory in use after: 68.5 MB.

Unloading 14 unused Assets to reduce memory usage. Loaded Objects now: 1935.
Total: 5.092100 ms (FindLiveObjects: 0.492000 ms CreateObjectMapping: 0.230000 ms MarkObjects: 4.180200 ms  DeleteObjects: 0.185900 ms)

========================================================================
Received Prepare
Registering precompiled user dll's ...
Registered in 0.014209 seconds.
Begin MonoManager ReloadAssembly
Native extension for WindowsStandalone target not found
Native extension for WebGL target not found
Refreshing native plugins compatible for Editor in 0.52 ms, found 2 plugins.
Preloading 0 native plugins for Editor in 0.00 ms.
Mono: successfully reloaded assembly
- Completed reload, in  3.573 seconds
Platform modules already initialized, skipping
Refreshing native plugins compatible for Editor in 0.96 ms, found 2 plugins.
Preloading 0 native plugins for Editor in 0.00 ms.
Unloading 1391 Unused Serialized files (Serialized files now loaded: 0)
System memory in use before: 68.4 MB.
System memory in use after: 68.5 MB.

Unloading 14 unused Assets to reduce memory usage. Loaded Objects now: 1938.
Total: 5.031600 ms (FindLiveObjects: 0.276000 ms CreateObjectMapping: 0.096100 ms MarkObjects: 4.457200 ms  DeleteObjects: 0.198700 ms)

========================================================================
Received Prepare
Registering precompiled user dll's ...
Registered in 0.015759 seconds.
Begin MonoManager ReloadAssembly
Native extension for WindowsStandalone target not found
Native extension for WebGL target not found
Refreshing native plugins compatible for Editor in 0.55 ms, found 2 plugins.
Preloading 0 native plugins for Editor in 0.00 ms.
Mono: successfully reloaded assembly
- Completed reload, in  2.974 seconds
Platform modules already initialized, skipping
Refreshing native plugins compatible for Editor in 0.87 ms, found 2 plugins.
Preloading 0 native plugins for Editor in 0.00 ms.
Unloading 1391 Unused Serialized files (Serialized files now loaded: 0)
System memory in use before: 68.4 MB.
System memory in use after: 68.5 MB.

Unloading 14 unused Assets to reduce memory usage. Loaded Objects now: 1941.
Total: 3.789400 ms (FindLiveObjects: 0.286800 ms CreateObjectMapping: 0.311800 ms MarkObjects: 3.082700 ms  DeleteObjects: 0.105800 ms)

========================================================================
Received Prepare
Registering precompiled user dll's ...
Registered in 0.012707 seconds.
Begin MonoManager ReloadAssembly
Native extension for WindowsStandalone target not found
Native extension for WebGL target not found
Refreshing native plugins compatible for Editor in 0.88 ms, found 2 plugins.
Preloading 0 native plugins for Editor in 0.00 ms.
Mono: successfully reloaded assembly
- Completed reload, in  3.299 seconds
Platform modules already initialized, skipping
Refreshing native plugins compatible for Editor in 1.67 ms, found 2 plugins.
Preloading 0 native plugins for Editor in 0.00 ms.
Unloading 1391 Unused Serialized files (Serialized files now loaded: 0)
System memory in use before: 68.4 MB.
System memory in use after: 68.5 MB.

Unloading 14 unused Assets to reduce memory usage. Loaded Objects now: 1944.
Total: 9.149700 ms (FindLiveObjects: 1.459800 ms CreateObjectMapping: 0.755000 ms MarkObjects: 6.803300 ms  DeleteObjects: 0.126600 ms)

========================================================================
Received Import Request.
  Time since last request: 372.484942 seconds.
  path: Assets/Prefabs/Enemy.prefab
  artifactKey: Guid(0859ced6763020747b47b7b0ffdb239c) Importer(815301076,1909f56bfc062723c751e8b465ee728b)
Start importing Assets/Prefabs/Enemy.prefab using Guid(0859ced6763020747b47b7b0ffdb239c) Importer(815301076,1909f56bfc062723c751e8b465ee728b)  -> (artifact id: 'c8de988121d9feec42076e06798fca7a') in 0.200329 seconds
  Import took 0.207694 seconds .

========================================================================
Received Import Request.
  Time since last request: 3.928868 seconds.
  path: Assets/Prefabs/Enemy.prefab
  artifactKey: Guid(0859ced6763020747b47b7b0ffdb239c) Importer(815301076,1909f56bfc062723c751e8b465ee728b)
Start importing Assets/Prefabs/Enemy.prefab using Guid(0859ced6763020747b47b7b0ffdb239c) Importer(815301076,1909f56bfc062723c751e8b465ee728b)  -> (artifact id: 'c8de988121d9feec42076e06798fca7a') in 0.055138 seconds
  Import took 0.065646 seconds .

========================================================================
Received Prepare
Registering precompiled user dll's ...
Registered in 0.010952 seconds.
Begin MonoManager ReloadAssembly
Native extension for WindowsStandalone target not found
Native extension for WebGL target not found
Refreshing native plugins compatible for Editor in 0.56 ms, found 2 plugins.
Preloading 0 native plugins for Editor in 0.00 ms.
Mono: successfully reloaded assembly
- Completed reload, in  4.088 seconds
Platform modules already initialized, skipping
Refreshing native plugins compatible for Editor in 0.86 ms, found 2 plugins.
Preloading 0 native plugins for Editor in 0.00 ms.
Unloading 1391 Unused Serialized files (Serialized files now loaded: 0)
System memory in use before: 68.4 MB.
System memory in use after: 68.5 MB.

Unloading 14 unused Assets to reduce memory usage. Loaded Objects now: 1948.
Total: 18.485900 ms (FindLiveObjects: 0.851400 ms CreateObjectMapping: 3.969500 ms MarkObjects: 11.913000 ms  DeleteObjects: 1.748400 ms)

========================================================================
Received Import Request.
  Time since last request: 752.632306 seconds.
  path: ProjectSettings/TagManager.asset
  artifactKey: Guid(00000000000000003000000000000000) Importer(815301076,1909f56bfc062723c751e8b465ee728b)
Start importing ProjectSettings/TagManager.asset using Guid(00000000000000003000000000000000) Importer(815301076,1909f56bfc062723c751e8b465ee728b)  -> (artifact id: '5965478be3b3b680cea32921a2d333ec') in 0.068140 seconds
  Import took 0.080501 seconds .

========================================================================
Received Prepare
Registering precompiled user dll's ...
Registered in 0.012599 seconds.
Begin MonoManager ReloadAssembly
Native extension for WindowsStandalone target not found
Native extension for WebGL target not found
Refreshing native plugins compatible for Editor in 1.23 ms, found 2 plugins.
Preloading 0 native plugins for Editor in 0.00 ms.
Mono: successfully reloaded assembly
- Completed reload, in  3.235 seconds
Platform modules already initialized, skipping
Refreshing native plugins compatible for Editor in 0.82 ms, found 2 plugins.
Preloading 0 native plugins for Editor in 0.00 ms.
Unloading 1391 Unused Serialized files (Serialized files now loaded: 0)
System memory in use before: 68.4 MB.
System memory in use after: 68.5 MB.

Unloading 15 unused Assets to reduce memory usage. Loaded Objects now: 1951.
Total: 4.089800 ms (FindLiveObjects: 0.305900 ms CreateObjectMapping: 0.157200 ms MarkObjects: 3.513700 ms  DeleteObjects: 0.110700 ms)

========================================================================
Received Prepare
Registering precompiled user dll's ...
Registered in 0.016578 seconds.
Begin MonoManager ReloadAssembly
Native extension for WindowsStandalone target not found
Native extension for WebGL target not found
Refreshing native plugins compatible for Editor in 1.20 ms, found 2 plugins.
Preloading 0 native plugins for Editor in 0.00 ms.
Mono: successfully reloaded assembly
- Completed reload, in  5.532 seconds
Platform modules already initialized, skipping
Refreshing native plugins compatible for Editor in 1.84 ms, found 2 plugins.
Preloading 0 native plugins for Editor in 0.00 ms.
Unloading 1391 Unused Serialized files (Serialized files now loaded: 0)
System memory in use before: 68.4 MB.
System memory in use after: 68.5 MB.

Unloading 14 unused Assets to reduce memory usage. Loaded Objects now: 1954.
Total: 8.242400 ms (FindLiveObjects: 0.547700 ms CreateObjectMapping: 0.301500 ms MarkObjects: 6.931500 ms  DeleteObjects: 0.454800 ms)

========================================================================
Received Prepare
Registering precompiled user dll's ...
Registered in 0.023039 seconds.
Begin MonoManager ReloadAssembly
Native extension for WindowsStandalone target not found
Native extension for WebGL target not found
Refreshing native plugins compatible for Editor in 0.87 ms, found 2 plugins.
Preloading 0 native plugins for Editor in 0.00 ms.
Mono: successfully reloaded assembly
- Completed reload, in  3.313 seconds
Platform modules already initialized, skipping
Refreshing native plugins compatible for Editor in 0.88 ms, found 2 plugins.
Preloading 0 native plugins for Editor in 0.00 ms.
Unloading 1391 Unused Serialized files (Serialized files now loaded: 0)
System memory in use before: 68.4 MB.
System memory in use after: 68.5 MB.

Unloading 14 unused Assets to reduce memory usage. Loaded Objects now: 1957.
Total: 7.410100 ms (FindLiveObjects: 0.370900 ms CreateObjectMapping: 0.334800 ms MarkObjects: 6.566900 ms  DeleteObjects: 0.134600 ms)

========================================================================
Received Prepare
Registering precompiled user dll's ...
Registered in 0.011182 seconds.
Begin MonoManager ReloadAssembly
Native extension for WindowsStandalone target not found
Native extension for WebGL target not found
Refreshing native plugins compatible for Editor in 1.11 ms, found 2 plugins.
Preloading 0 native plugins for Editor in 0.00 ms.
Mono: successfully reloaded assembly
- Completed reload, in  2.999 seconds
Platform modules already initialized, skipping
Refreshing native plugins compatible for Editor in 1.11 ms, found 2 plugins.
Preloading 0 native plugins for Editor in 0.00 ms.
Unloading 1391 Unused Serialized files (Serialized files now loaded: 0)
System memory in use before: 68.4 MB.
System memory in use after: 68.5 MB.

Unloading 14 unused Assets to reduce memory usage. Loaded Objects now: 1960.
Total: 7.124800 ms (FindLiveObjects: 0.372200 ms CreateObjectMapping: 0.119700 ms MarkObjects: 6.526900 ms  DeleteObjects: 0.103300 ms)

========================================================================
Received Import Request.
  Time since last request: 1116.824869 seconds.
  path: Assets/Scripts/Game Manger.cs
  artifactKey: Guid(2599e70c4af6a5942948a09cda8d9050) Importer(815301076,1909f56bfc062723c751e8b465ee728b)
Start importing Assets/Scripts/Game Manger.cs using Guid(2599e70c4af6a5942948a09cda8d9050) Importer(815301076,1909f56bfc062723c751e8b465ee728b)  -> (artifact id: '86c516b5c84ef5fac9a4fe8842d43a2c') in 0.125540 seconds
  Import took 0.176672 seconds .

========================================================================
Received Prepare
Registering precompiled user dll's ...
Registered in 0.013230 seconds.
Begin MonoManager ReloadAssembly
Native extension for WindowsStandalone target not found
Native extension for WebGL target not found
Refreshing native plugins compatible for Editor in 0.57 ms, found 2 plugins.
Preloading 0 native plugins for Editor in 0.00 ms.
Mono: successfully reloaded assembly
- Completed reload, in  2.814 seconds
Platform modules already initialized, skipping
Refreshing native plugins compatible for Editor in 0.89 ms, found 2 plugins.
Preloading 0 native plugins for Editor in 0.00 ms.
Unloading 1392 Unused Serialized files (Serialized files now loaded: 0)
System memory in use before: 68.5 MB.
System memory in use after: 68.5 MB.

Unloading 14 unused Assets to reduce memory usage. Loaded Objects now: 1964.
Total: 9.910900 ms (FindLiveObjects: 1.526000 ms CreateObjectMapping: 1.376500 ms MarkObjects: 6.804400 ms  DeleteObjects: 0.197900 ms)

========================================================================
Received Prepare
Registering precompiled user dll's ...
Registered in 0.014156 seconds.
Begin MonoManager ReloadAssembly
Native extension for WindowsStandalone target not found
Native extension for WebGL target not found
Refreshing native plugins compatible for Editor in 0.54 ms, found 2 plugins.
Preloading 0 native plugins for Editor in 0.00 ms.
Mono: successfully reloaded assembly
- Completed reload, in  3.183 seconds
Platform modules already initialized, skipping
Refreshing native plugins compatible for Editor in 2.98 ms, found 2 plugins.
Preloading 0 native plugins for Editor in 0.00 ms.
Unloading 1392 Unused Serialized files (Serialized files now loaded: 0)
System memory in use before: 68.5 MB.
System memory in use after: 68.6 MB.

Unloading 14 unused Assets to reduce memory usage. Loaded Objects now: 1967.
Total: 6.319100 ms (FindLiveObjects: 0.309300 ms CreateObjectMapping: 0.159400 ms MarkObjects: 5.710700 ms  DeleteObjects: 0.137300 ms)

========================================================================
Received Import Request.
  Time since last request: 591.239590 seconds.
  path: Assets/Scripts/Game Manger.cs
  artifactKey: Guid(2599e70c4af6a5942948a09cda8d9050) Importer(815301076,1909f56bfc062723c751e8b465ee728b)
Start importing Assets/Scripts/Game Manger.cs using Guid(2599e70c4af6a5942948a09cda8d9050) Importer(815301076,1909f56bfc062723c751e8b465ee728b)  -> (artifact id: '14dcddbce0b673e03e10a7527eb6f93b') in 0.020112 seconds
  Import took 0.027481 seconds .

========================================================================
Received Prepare
Registering precompiled user dll's ...
Registered in 0.010677 seconds.
Begin MonoManager ReloadAssembly
Native extension for WindowsStandalone target not found
Native extension for WebGL target not found
Refreshing native plugins compatible for Editor in 0.61 ms, found 2 plugins.
Preloading 0 native plugins for Editor in 0.00 ms.
Mono: successfully reloaded assembly
- Completed reload, in  3.280 seconds
Platform modules already initialized, skipping
Refreshing native plugins compatible for Editor in 0.85 ms, found 2 plugins.
Preloading 0 native plugins for Editor in 0.00 ms.
Unloading 1392 Unused Serialized files (Serialized files now loaded: 0)
System memory in use before: 68.5 MB.
System memory in use after: 68.6 MB.

Unloading 14 unused Assets to reduce memory usage. Loaded Objects now: 1970.
Total: 6.066900 ms (FindLiveObjects: 0.683800 ms CreateObjectMapping: 0.301900 ms MarkObjects: 4.888400 ms  DeleteObjects: 0.189700 ms)

========================================================================
Received Prepare
Registering precompiled user dll's ...
Registered in 0.011848 seconds.
Begin MonoManager ReloadAssembly
Native extension for WindowsStandalone target not found
Native extension for WebGL target not found
Refreshing native plugins compatible for Editor in 0.53 ms, found 2 plugins.
Preloading 0 native plugins for Editor in 0.00 ms.
Mono: successfully reloaded assembly
- Completed reload, in  3.095 seconds
Platform modules already initialized, skipping
Refreshing native plugins compatible for Editor in 0.86 ms, found 2 plugins.
Preloading 0 native plugins for Editor in 0.00 ms.
Unloading 1392 Unused Serialized files (Serialized files now loaded: 0)
System memory in use before: 68.5 MB.
System memory in use after: 68.6 MB.

Unloading 14 unused Assets to reduce memory usage. Loaded Objects now: 1973.
Total: 3.419900 ms (FindLiveObjects: 0.352400 ms CreateObjectMapping: 0.099700 ms MarkObjects: 2.863000 ms  DeleteObjects: 0.101700 ms)

========================================================================
Received Import Request.
  Time since last request: 390.458551 seconds.
  path: Assets/Scripts/GameManger.cs
  artifactKey: Guid(2599e70c4af6a5942948a09cda8d9050) Importer(815301076,1909f56bfc062723c751e8b465ee728b)
Start importing Assets/Scripts/GameManger.cs using Guid(2599e70c4af6a5942948a09cda8d9050) Importer(815301076,1909f56bfc062723c751e8b465ee728b)  -> (artifact id: 'ad502a343fd33c14a6dce1a053da8002') in 0.121376 seconds
  Import took 0.137113 seconds .

========================================================================
Received Prepare
Registering precompiled user dll's ...
Registered in 0.012143 seconds.
Begin MonoManager ReloadAssembly
Native extension for WindowsStandalone target not found
Native extension for WebGL target not found
Refreshing native plugins compatible for Editor in 1.19 ms, found 2 plugins.
Preloading 0 native plugins for Editor in 0.00 ms.
Mono: successfully reloaded assembly
- Completed reload, in  3.193 seconds
Platform modules already initialized, skipping
Refreshing native plugins compatible for Editor in 0.97 ms, found 2 plugins.
Preloading 0 native plugins for Editor in 0.00 ms.
Unloading 1392 Unused Serialized files (Serialized files now loaded: 0)
System memory in use before: 68.5 MB.
System memory in use after: 68.6 MB.

Unloading 14 unused Assets to reduce memory usage. Loaded Objects now: 1976.
Total: 6.015500 ms (FindLiveObjects: 0.692500 ms CreateObjectMapping: 0.195400 ms MarkObjects: 5.014100 ms  DeleteObjects: 0.111300 ms)

========================================================================
Received Prepare
Registering precompiled user dll's ...
Registered in 0.014026 seconds.
Begin MonoManager ReloadAssembly
Native extension for WindowsStandalone target not found
Native extension for WebGL target not found
Refreshing native plugins compatible for Editor in 1.04 ms, found 2 plugins.
Preloading 0 native plugins for Editor in 0.00 ms.
Mono: successfully reloaded assembly
- Completed reload, in  3.049 seconds
Platform modules already initialized, skipping
Refreshing native plugins compatible for Editor in 1.23 ms, found 2 plugins.
Preloading 0 native plugins for Editor in 0.00 ms.
Unloading 1392 Unused Serialized files (Serialized files now loaded: 0)
System memory in use before: 68.5 MB.
System memory in use after: 68.6 MB.

Unloading 14 unused Assets to reduce memory usage. Loaded Objects now: 1979.
Total: 9.367300 ms (FindLiveObjects: 0.571900 ms CreateObjectMapping: 0.390800 ms MarkObjects: 8.264300 ms  DeleteObjects: 0.135500 ms)

========================================================================
Received Prepare
Registering precompiled user dll's ...
Registered in 0.043613 seconds.
Begin MonoManager ReloadAssembly
Native extension for WindowsStandalone target not found
Native extension for WebGL target not found
Refreshing native plugins compatible for Editor in 0.91 ms, found 2 plugins.
Preloading 0 native plugins for Editor in 0.00 ms.
Mono: successfully reloaded assembly
- Completed reload, in  3.093 seconds
Platform modules already initialized, skipping
Refreshing native plugins compatible for Editor in 0.85 ms, found 2 plugins.
Preloading 0 native plugins for Editor in 0.00 ms.
Unloading 1392 Unused Serialized files (Serialized files now loaded: 0)
System memory in use before: 68.6 MB.
System memory in use after: 68.6 MB.

Unloading 14 unused Assets to reduce memory usage. Loaded Objects now: 1982.
Total: 5.132800 ms (FindLiveObjects: 0.448400 ms CreateObjectMapping: 0.165200 ms MarkObjects: 4.409100 ms  DeleteObjects: 0.106300 ms)

========================================================================
Received Prepare
Registering precompiled user dll's ...
Registered in 0.011674 seconds.
Begin MonoManager ReloadAssembly
Native extension for WindowsStandalone target not found
Native extension for WebGL target not found
Refreshing native plugins compatible for Editor in 0.54 ms, found 2 plugins.
Preloading 0 native plugins for Editor in 0.00 ms.
Mono: successfully reloaded assembly
- Completed reload, in  3.283 seconds
Platform modules already initialized, skipping
Refreshing native plugins compatible for Editor in 0.87 ms, found 2 plugins.
Preloading 0 native plugins for Editor in 0.00 ms.
Unloading 1392 Unused Serialized files (Serialized files now loaded: 0)
System memory in use before: 68.6 MB.
System memory in use after: 68.6 MB.

Unloading 14 unused Assets to reduce memory usage. Loaded Objects now: 1985.
Total: 6.610000 ms (FindLiveObjects: 0.585300 ms CreateObjectMapping: 0.203800 ms MarkObjects: 5.676600 ms  DeleteObjects: 0.140600 ms)

========================================================================
Received Prepare
Refreshing native plugins compatible for Editor in 51.82 ms, found 2 plugins.
Preloading 0 native plugins for Editor in 0.00 ms.
Unloading 12 Unused Serialized files (Serialized files now loaded: 0)
System memory in use before: 41.2 MB.
System memory in use after: 41.3 MB.

Unloading 12 unused Assets to reduce memory usage. Loaded Objects now: 1985.
Total: 9.963000 ms (FindLiveObjects: 0.716400 ms CreateObjectMapping: 0.259100 ms MarkObjects: 8.768100 ms  DeleteObjects: 0.216100 ms)

========================================================================
Received Prepare
Refreshing native plugins compatible for Editor in 10.34 ms, found 2 plugins.
Preloading 0 native plugins for Editor in 0.00 ms.
Unloading 12 Unused Serialized files (Serialized files now loaded: 0)
System memory in use before: 41.2 MB.
System memory in use after: 41.3 MB.

Unloading 12 unused Assets to reduce memory usage. Loaded Objects now: 1985.
Total: 5.741200 ms (FindLiveObjects: 0.507100 ms CreateObjectMapping: 0.232500 ms MarkObjects: 4.872300 ms  DeleteObjects: 0.126900 ms)

========================================================================
Received Prepare
Refreshing native plugins compatible for Editor in 112.58 ms, found 2 plugins.
Preloading 0 native plugins for Editor in 0.00 ms.
Unloading 12 Unused Serialized files (Serialized files now loaded: 0)
System memory in use before: 41.2 MB.
System memory in use after: 41.3 MB.

Unloading 12 unused Assets to reduce memory usage. Loaded Objects now: 1985.
Total: 10.797400 ms (FindLiveObjects: 0.413300 ms CreateObjectMapping: 0.644800 ms MarkObjects: 9.524800 ms  DeleteObjects: 0.210600 ms)

========================================================================
Received Prepare
Registering precompiled user dll's ...
Registered in 0.015055 seconds.
Begin MonoManager ReloadAssembly
Native extension for WindowsStandalone target not found
Native extension for WebGL target not found
Refreshing native plugins compatible for Editor in 0.94 ms, found 2 plugins.
Preloading 0 native plugins for Editor in 0.00 ms.
Mono: successfully reloaded assembly
- Completed reload, in  7.925 seconds
Platform modules already initialized, skipping
Refreshing native plugins compatible for Editor in 1.83 ms, found 2 plugins.
Preloading 0 native plugins for Editor in 0.00 ms.
Unloading 1392 Unused Serialized files (Serialized files now loaded: 0)
System memory in use before: 68.6 MB.
System memory in use after: 68.6 MB.

Unloading 14 unused Assets to reduce memory usage. Loaded Objects now: 1988.
Total: 13.287300 ms (FindLiveObjects: 1.068000 ms CreateObjectMapping: 0.284700 ms MarkObjects: 7.420300 ms  DeleteObjects: 4.509700 ms)

========================================================================
Received Prepare
Refreshing native plugins compatible for Editor in 1080.12 ms, found 2 plugins.
Preloading 0 native plugins for Editor in 0.00 ms.
Unloading 12 Unused Serialized files (Serialized files now loaded: 0)
System memory in use before: 41.2 MB.
System memory in use after: 41.3 MB.

Unloading 12 unused Assets to reduce memory usage. Loaded Objects now: 1988.
Total: 5.331900 ms (FindLiveObjects: 0.423400 ms CreateObjectMapping: 0.156300 ms MarkObjects: 4.618000 ms  DeleteObjects: 0.131200 ms)

AssetImportWorkerClient::OnTransportError - code=2 error=End of file
