Using pre-set license
Built from '2020.3/staging' branch; Version is '2020.3.10f1 (297d780c91bc) revision 2719096'; Using compiler version '192528614'; Build Type 'Release'
OS: 'Windows 10 Pro; OS build 19042.1110; Version 2009; 64bit' Language: 'es' Physical Memory: 16314 MB
BatchMode: 1, IsHumanControllingUs: 0, StartBugReporterOnCrash: 0, Is64bit: 1, IsPro: 0

 COMMAND LINE ARGUMENTS:
C:\Program Files\Unity\Hub\Editor\2020.3.10f1\Editor\Unity.exe
-adb2
-batchMode
-noUpm
-name
AssetImportWorker0
-projectPath
C:/Users/victo/Desktop/Proyecto_Beat_em_up/Streets_on_Fire
-logFile
Logs/AssetImportWorker0.log
-srvPort
49741
Successfully changed project path to: C:/Users/victo/Desktop/Proyecto_Beat_em_up/Streets_on_Fire
C:/Users/victo/Desktop/Proyecto_Beat_em_up/Streets_on_Fire
Using Asset Import Pipeline V2.
Refreshing native plugins compatible for Editor in 59.13 ms, found 2 plugins.
Preloading 0 native plugins for Editor in 0.00 ms.
Initialize engine version: 2020.3.10f1 (297d780c91bc)
[Subsystems] Discovering subsystems at path C:/Program Files/Unity/Hub/Editor/2020.3.10f1/Editor/Data/Resources/UnitySubsystems
[Subsystems] Discovering subsystems at path C:/Users/victo/Desktop/Proyecto_Beat_em_up/Streets_on_Fire/Assets
GfxDevice: creating device client; threaded=0
Direct3D:
    Version:  Direct3D 11.0 [level 11.1]
    Renderer: Intel(R) HD Graphics Family (ID=0xa16)
    Vendor:   
    VRAM:     2048 MB
    Driver:   20.19.15.5166
Initialize mono
Mono path[0] = 'C:/Program Files/Unity/Hub/Editor/2020.3.10f1/Editor/Data/Managed'
Mono path[1] = 'C:/Program Files/Unity/Hub/Editor/2020.3.10f1/Editor/Data/MonoBleedingEdge/lib/mono/unityjit'
Mono config path = 'C:/Program Files/Unity/Hub/Editor/2020.3.10f1/Editor/Data/MonoBleedingEdge/etc'
Using monoOptions --debugger-agent=transport=dt_socket,embedding=1,server=y,suspend=n,address=127.0.0.1:56604
Begin MonoManager ReloadAssembly
Registering precompiled unity dll's ...
Register platform support module: C:/Program Files/Unity/Hub/Editor/2020.3.10f1/Editor/Data/PlaybackEngines/WebGLSupport/UnityEditor.WebGL.Extensions.dll
Register platform support module: C:/Program Files/Unity/Hub/Editor/2020.3.10f1/Editor/Data/PlaybackEngines/WindowsStandaloneSupport/UnityEditor.WindowsStandalone.Extensions.dll
Registered in 0.006735 seconds.
Native extension for WindowsStandalone target not found
Native extension for WebGL target not found
Refreshing native plugins compatible for Editor in 71.93 ms, found 2 plugins.
Preloading 0 native plugins for Editor in 0.00 ms.
Mono: successfully reloaded assembly
- Completed reload, in  2.823 seconds
Platform modules already initialized, skipping
Registering precompiled user dll's ...
Registered in 0.006902 seconds.
Begin MonoManager ReloadAssembly
Native extension for WindowsStandalone target not found
Native extension for WebGL target not found
Refreshing native plugins compatible for Editor in 0.56 ms, found 2 plugins.
Preloading 0 native plugins for Editor in 0.00 ms.
Mono: successfully reloaded assembly
- Completed reload, in  2.186 seconds
Platform modules already initialized, skipping
========================================================================
Worker process is ready to serve import requests
Launched and connected shader compiler UnityShaderCompiler.exe after 0.10 seconds
Refreshing native plugins compatible for Editor in 0.88 ms, found 2 plugins.
Preloading 0 native plugins for Editor in 0.00 ms.
Unloading 1397 Unused Serialized files (Serialized files now loaded: 0)
System memory in use before: 65.0 MB.
System memory in use after: 65.1 MB.

Unloading 19 unused Assets to reduce memory usage. Loaded Objects now: 1831.
Total: 3.820900 ms (FindLiveObjects: 0.290000 ms CreateObjectMapping: 0.174700 ms MarkObjects: 3.212100 ms  DeleteObjects: 0.142100 ms)

========================================================================
Received Import Request.
  path: Assets/Sprites/Franguinho.png
  artifactKey: Guid(9e583f536cf1aa044b9b9775c2629dc8) Importer(815301076,1909f56bfc062723c751e8b465ee728b)
Start importing Assets/Sprites/Franguinho.png using Guid(9e583f536cf1aa044b9b9775c2629dc8) Importer(815301076,1909f56bfc062723c751e8b465ee728b)  -> (artifact id: 'c44c67b857b0f85bd3dd2af105f9ac2b') in 0.322803 seconds
  Import took 0.327567 seconds .

========================================================================
Received Import Request.
  Time since last request: 0.000492 seconds.
  path: Assets/Sprites/Weapon.png
  artifactKey: Guid(e36b3a8c846a3ac4fbc18f84742cd465) Importer(815301076,1909f56bfc062723c751e8b465ee728b)
Start importing Assets/Sprites/Weapon.png using Guid(e36b3a8c846a3ac4fbc18f84742cd465) Importer(815301076,1909f56bfc062723c751e8b465ee728b)  -> (artifact id: '93e78fedd3ca76f578762501d99d17c7') in 0.058111 seconds
  Import took 0.063473 seconds .

========================================================================
Received Import Request.
  Time since last request: 0.000439 seconds.
  path: Assets/Sprites/Genesis 32X SCD - Streets of Rage 2 - Y Signal.png
  artifactKey: Guid(bd3ea384d87795e428b1678e84c7260f) Importer(815301076,1909f56bfc062723c751e8b465ee728b)
Start importing Assets/Sprites/Genesis 32X SCD - Streets of Rage 2 - Y Signal.png using Guid(bd3ea384d87795e428b1678e84c7260f) Importer(815301076,1909f56bfc062723c751e8b465ee728b)  -> (artifact id: '7fd6ca82d3017be9b17fd9eedc73f3c4') in 0.160810 seconds
  Import took 0.165756 seconds .

========================================================================
Received Import Request.
  Time since last request: 0.000421 seconds.
  path: Assets/Sprites/Streets of Rage City 3840X1080 Dual Monitor  i.imgur.com .png
  artifactKey: Guid(252fee8cccd15964bbee226ca9932101) Importer(815301076,1909f56bfc062723c751e8b465ee728b)
Start importing Assets/Sprites/Streets of Rage City 3840X1080 Dual Monitor  i.imgur.com .png using Guid(252fee8cccd15964bbee226ca9932101) Importer(815301076,1909f56bfc062723c751e8b465ee728b)  -> (artifact id: '0e64c3e9fc74be9cd8b761a7f197a738') in 0.049128 seconds
  Import took 0.056912 seconds .

========================================================================
Received Import Request.
  Time since last request: 0.000477 seconds.
  path: Assets/Sprites/Y._Signal_Portrait.jpg
  artifactKey: Guid(687ff62f21b541f45976188b773dd5dc) Importer(815301076,1909f56bfc062723c751e8b465ee728b)
Start importing Assets/Sprites/Y._Signal_Portrait.jpg using Guid(687ff62f21b541f45976188b773dd5dc) Importer(815301076,1909f56bfc062723c751e8b465ee728b)  -> (artifact id: 'f6de864c20f08664524cadade474108d') in 0.073552 seconds
  Import took 0.081070 seconds .

========================================================================
Received Import Request.
  Time since last request: 0.000439 seconds.
  path: Assets/Sprites/Boss.png
  artifactKey: Guid(cf91f6f53b2330b4696cdb3734d685d3) Importer(815301076,1909f56bfc062723c751e8b465ee728b)
Start importing Assets/Sprites/Boss.png using Guid(cf91f6f53b2330b4696cdb3734d685d3) Importer(815301076,1909f56bfc062723c751e8b465ee728b)  -> (artifact id: '44c8485a07be9ce0e1b99e1d8ac8f5f2') in 0.476149 seconds
  Import took 0.482836 seconds .

========================================================================
Received Import Request.
  Time since last request: 0.000700 seconds.
  path: Assets/Sprites/Antonio Portrait.png
  artifactKey: Guid(1342ea7a4e1aee844af958324a3c8f83) Importer(815301076,1909f56bfc062723c751e8b465ee728b)
Start importing Assets/Sprites/Antonio Portrait.png using Guid(1342ea7a4e1aee844af958324a3c8f83) Importer(815301076,1909f56bfc062723c751e8b465ee728b)  -> (artifact id: '7f01dba65202030dbe5a25e790588c7c') in 0.082783 seconds
  Import took 0.091094 seconds .

========================================================================
Received Import Request.
  Time since last request: 0.001757 seconds.
  path: Assets/Sprites/Galsiabig 1.png
  artifactKey: Guid(ae5cd0e4f67d326448f276196cb01e8c) Importer(815301076,1909f56bfc062723c751e8b465ee728b)
Start importing Assets/Sprites/Galsiabig 1.png using Guid(ae5cd0e4f67d326448f276196cb01e8c) Importer(815301076,1909f56bfc062723c751e8b465ee728b)  -> (artifact id: '83368cfd1d42fdf0b1605e0ce7afe062') in 0.077273 seconds
  Import took 0.087095 seconds .

========================================================================
Received Import Request.
  Time since last request: 0.000421 seconds.
  path: Assets/Sprites/Character Walking.png
  artifactKey: Guid(c6f59241eec1a424bb1465e3f1745e7d) Importer(815301076,1909f56bfc062723c751e8b465ee728b)
Start importing Assets/Sprites/Character Walking.png using Guid(c6f59241eec1a424bb1465e3f1745e7d) Importer(815301076,1909f56bfc062723c751e8b465ee728b)  -> (artifact id: '12d07b93a6ce80e502ecb54017de6eec') in 0.086989 seconds
  Import took 0.096573 seconds .

========================================================================
Received Import Request.
  Time since last request: 0.000663 seconds.
  path: Assets/Sprites/Leve2.png
  artifactKey: Guid(2939baa1ae4c3dc43ac5175bb83da82f) Importer(815301076,1909f56bfc062723c751e8b465ee728b)
Start importing Assets/Sprites/Leve2.png using Guid(2939baa1ae4c3dc43ac5175bb83da82f) Importer(815301076,1909f56bfc062723c751e8b465ee728b)  -> (artifact id: 'dca9002bc74e5bb7a1a68f6027530d36') in 0.075124 seconds
  Import took 0.082317 seconds .

========================================================================
Received Import Request.
  Time since last request: 0.000570 seconds.
  path: Assets/Sprites/Characters.png
  artifactKey: Guid(eb424f37766c38a48882d5a683909e74) Importer(815301076,1909f56bfc062723c751e8b465ee728b)
Start importing Assets/Sprites/Characters.png using Guid(eb424f37766c38a48882d5a683909e74) Importer(815301076,1909f56bfc062723c751e8b465ee728b)  -> (artifact id: '573ff683171e514db7cac085d10afd83') in 0.927131 seconds
  Import took 0.936303 seconds .

========================================================================
Received Import Request.
  Time since last request: 0.000477 seconds.
  path: Assets/Sprites/Enemy.png
  artifactKey: Guid(dc88b24a696c11b45a0a4366c7eb7f16) Importer(815301076,1909f56bfc062723c751e8b465ee728b)
Start importing Assets/Sprites/Enemy.png using Guid(dc88b24a696c11b45a0a4366c7eb7f16) Importer(815301076,1909f56bfc062723c751e8b465ee728b)  -> (artifact id: '80c6bc482aca3560a87cccc91f99575c') in 0.130644 seconds
  Import took 0.136086 seconds .

========================================================================
Received Import Request.
  Time since last request: 0.000415 seconds.
  path: Assets/Sprites/Weapon Walking.png
  artifactKey: Guid(45eaa73954b2f2e4ab91abd27eeaf832) Importer(815301076,1909f56bfc062723c751e8b465ee728b)
Start importing Assets/Sprites/Weapon Walking.png using Guid(45eaa73954b2f2e4ab91abd27eeaf832) Importer(815301076,1909f56bfc062723c751e8b465ee728b)  -> (artifact id: '93c5dac29b7a69300c0a5b367b5c8de2') in 0.071111 seconds
  Import took 0.077371 seconds .

========================================================================
Received Import Request.
  Time since last request: 0.000466 seconds.
  path: Assets/Sprites/MenuBG.jpg
  artifactKey: Guid(ebfc5ecab2d44fb4ca0cc81da3de5399) Importer(815301076,1909f56bfc062723c751e8b465ee728b)
Start importing Assets/Sprites/MenuBG.jpg using Guid(ebfc5ecab2d44fb4ca0cc81da3de5399) Importer(815301076,1909f56bfc062723c751e8b465ee728b)  -> (artifact id: 'd348e72222cafa88b3d80d506d07fc5b') in 0.079831 seconds
  Import took 0.086543 seconds .

========================================================================
Received Import Request.
  Time since last request: 0.000532 seconds.
  path: Assets/Sprites/go03.png
  artifactKey: Guid(cd767ec67e4fb3b4aa0a42f013fa54b9) Importer(815301076,1909f56bfc062723c751e8b465ee728b)
Start importing Assets/Sprites/go03.png using Guid(cd767ec67e4fb3b4aa0a42f013fa54b9) Importer(815301076,1909f56bfc062723c751e8b465ee728b)  -> (artifact id: '732c85a03470b3d4e8b883e119a80d27') in 0.061984 seconds
  Import took 0.068617 seconds .

========================================================================
Received Import Request.
  Time since last request: 0.000757 seconds.
  path: Assets/Sprites/Street.png
  artifactKey: Guid(ff5d1beef1ba34f4fa8e160d2eee44e5) Importer(815301076,1909f56bfc062723c751e8b465ee728b)
Start importing Assets/Sprites/Street.png using Guid(ff5d1beef1ba34f4fa8e160d2eee44e5) Importer(815301076,1909f56bfc062723c751e8b465ee728b)  -> (artifact id: 'db61e3d6d6fd01f84cff63f23d36a674') in 0.045758 seconds
  Import took 0.051474 seconds .

========================================================================
Received Import Request.
  Time since last request: 316.822350 seconds.
  path: Assets/Prefabs/Player Victor.prefab
  artifactKey: Guid(ef5bd1025cf12664d9eb1c4544b9b9dc) Importer(815301076,1909f56bfc062723c751e8b465ee728b)
Start importing Assets/Prefabs/Player Victor.prefab using Guid(ef5bd1025cf12664d9eb1c4544b9b9dc) Importer(815301076,1909f56bfc062723c751e8b465ee728b)  -> (artifact id: 'c30fc0d53d85c53bfcb72409bb08b90f') in 0.136208 seconds
  Import took 0.144689 seconds .

========================================================================
Received Import Request.
  Time since last request: 11.064551 seconds.
  path: Assets/Scenes/SampleScene.unity
  artifactKey: Guid(9fc0d4010bbf28b4594072e72b8655ab) Importer(815301076,1909f56bfc062723c751e8b465ee728b)
Start importing Assets/Scenes/SampleScene.unity using Guid(9fc0d4010bbf28b4594072e72b8655ab) Importer(815301076,1909f56bfc062723c751e8b465ee728b)  -> (artifact id: '53fc8700f52da8f5ab2d06c1f3b5e8d6') in 0.020870 seconds
  Import took 0.025986 seconds .

AssetImportWorkerClient::OnTransportError - code=2 error=End of file
